Removed Pin From Net: NetName=ENC_A Pin=ENC1-1
Removed Pin From Net: NetName=ENC_B Pin=ENC1-3
Removed Pin From Net: NetName=3.3V Pin=P1-1
Removed Pin From Net: NetName=SDA Pin=P1-2
Removed Pin From Net: NetName=SCL Pin=P1-3
Removed Pin From Net: NetName=GND Pin=P1-4
Removed Pin From Net: NetName=3.3V Pin=P3-1
Removed Pin From Net: NetName=SWDIO Pin=P3-2
Removed Pin From Net: NetName=SWCLK Pin=P3-3
Removed Pin From Net: NetName=NRST Pin=P3-4
Removed Pin From Net: NetName=GND Pin=P3-5
Removed Pin From Net: NetName=ENC_A Pin=P4-1
Removed Pin From Net: NetName=ENC_B Pin=P4-2
Removed Pin From Net: NetName=SW Pin=P4-3
Removed Pin From Net: NetName=GND Pin=P4-4
Removed Pin From Net: NetName=SW4 Pin=P4-5
Removed Pin From Net: NetName=SW3 Pin=P4-6
Removed Pin From Net: NetName=SW1 Pin=P4-7
Removed Pin From Net: NetName=SW2 Pin=P4-8
Removed Pin From Net: NetName=SW3 Pin=R4-1
Removed Pin From Net: NetName=SW1 Pin=U1-18
Removed Pin From Net: NetName=SW2 Pin=U1-19
Removed Pin From Net: NetName=SW3 Pin=U1-20
Removed Pin From Net: NetName=SW4 Pin=U1-21
Removed Pin From Net: NetName=SW Pin=U1-22
Removed Member From Class: ClassName=U_connectors Member=P1
Removed Member From Class: ClassName=U_connectors Member=P3
Removed Member From Class: ClassName=U_connectors Member=P4
Added Component: Designator=J4(IDC 2x5 EDGE)
Added Component: Designator=J5(TagConnectSWD)
Added Pin To Net: NetName=ENC_A Pin=J4-1
Added Pin To Net: NetName=ENC_B Pin=J4-2
Added Pin To Net: NetName=3.3V Pin=J4-7
Added Pin To Net: NetName=SCL Pin=J4-8
Added Pin To Net: NetName=SDA Pin=J4-9
Added Pin To Net: NetName=GND Pin=J4-10
Added Pin To Net: NetName=NRST Pin=J5-1
Added Pin To Net: NetName=NRST Pin=J5-1
Added Pin To Net: NetName=3.3V Pin=J5-2
Added Pin To Net: NetName=3.3V Pin=J5-2
Added Pin To Net: NetName=SWDIO Pin=J5-3
Added Pin To Net: NetName=SWDIO Pin=J5-3
Added Pin To Net: NetName=GND Pin=J5-4
Added Pin To Net: NetName=GND Pin=J5-4
Added Pin To Net: NetName=SWCLK Pin=J5-5
Added Pin To Net: NetName=SWCLK Pin=J5-5
Added Pin To Net: NetName=GND Pin=J5-6
Added Pin To Net: NetName=GND Pin=J5-6
Added Pin To Net: NetName=GND Pin=J5-7
Added Pin To Net: NetName=GND Pin=J5-7
Added Pin To Net: NetName=GND Pin=J5-7
Added Pin To Net: NetName=SW_ENC Pin=J4-6
Added Pin To Net: NetName=SW_ENC Pin=U1-22
Added Net: Name=SW_ENC
Added Member To Class: ClassName=U_MCU Member=Component J4 2x5 IDC
Added Member To Class: ClassName=U_MCU Member=Component J5 SWD
